[ 2018-11-06T09:42:59+08:00 ] ::1 /Template/pc/soubao/Static/images/csmrsfbluaoaejs7aacni7xvdgs548.jpg
ERR: 无法加载模块:Template

[ 2018-11-06T09:42:59+08:00 ] ::1 /Template/pc/soubao/Static/images/logo3.png
ERR: 无法加载模块:Template

[ 2018-11-06T09:43:02+08:00 ] ::1 /favicon.ico
ERR: 无法加载模块:Favicon

[ 2018-11-06T09:43:07+08:00 ] ::1 /Template/pc/soubao/Static/images/logo3.png
ERR: 无法加载模块:Template

[ 2018-11-06T09:43:07+08:00 ] ::1 /Template/pc/soubao/Static/images/csmrsfbluaoaejs7aacni7xvdgs548.jpg
ERR: 无法加载模块:Template

[ 2018-11-06T09:43:10+08:00 ] ::1 /favicon.ico
ERR: 无法加载模块:Favicon

[ 2018-11-06T10:14:29+08:00 ] ::1 /Template/pc/soubao/Static/images/csmrsfbluaoaejs7aacni7xvdgs548.jpg
ERR: 无法加载模块:Template

[ 2018-11-06T10:14:29+08:00 ] ::1 /Template/pc/soubao/Static/images/logo3.png
ERR: 无法加载模块:Template

[ 2018-11-06T10:14:33+08:00 ] ::1 /Template/pc/soubao/Static/images/logo3.png
ERR: 无法加载模块:Template

[ 2018-11-06T10:14:33+08:00 ] ::1 /Template/pc/soubao/Static/images/csmrsfbluaoaejs7aacni7xvdgs548.jpg
ERR: 无法加载模块:Template

[ 2018-11-06T10:14:36+08:00 ] ::1 /favicon.ico
ERR: 无法加载模块:Favicon

[ 2018-11-06T10:14:41+08:00 ] ::1 /Template/pc/soubao/Static/images/logo3.png
ERR: 无法加载模块:Template

[ 2018-11-06T10:14:41+08:00 ] ::1 /Template/pc/soubao/Static/images/csmrsfbluaoaejs7aacni7xvdgs548.jpg
ERR: 无法加载模块:Template

[ 2018-11-06T10:14:50+08:00 ] ::1 /Template/mobile/new/Static/images/loading.gif
ERR: 无法加载模块:Template

[ 2018-11-06T10:14:51+08:00 ] ::1 /favicon.ico
ERR: 无法加载模块:Favicon

[ 2018-11-06T20:06:45+08:00 ] ::1 /Template/mobile/new/Static/images/loading.gif
ERR: 无法加载模块:Template

[ 2018-11-06T20:06:46+08:00 ] ::1 /favicon.ico
ERR: 无法加载模块:Favicon

[ 2018-11-06T20:06:48+08:00 ] ::1 /Template/mobile/new/Static/js/layui.js
ERR: 无法加载模块:Template

[ 2018-11-06T20:06:50+08:00 ] ::1 /favicon.ico
ERR: 无法加载模块:Favicon

[ 2018-11-06T20:07:01+08:00 ] ::1 /Template/mobile/new/Static/js/layui.js
ERR: 无法加载模块:Template

[ 2018-11-06T20:07:04+08:00 ] ::1 /favicon.ico
ERR: 无法加载模块:Favicon

